<?xml version="1.0" encoding="UTF-8"?>
<testsuite xmlns:xsi="http://www.w3.org/2001/XMLSchema-instance" xsi:noNamespaceSchemaLocation="https://maven.apache.org/surefire/maven-surefire-plugin/xsd/surefire-test-report-3.0.xsd" version="3.0" name="com.plutus.mvp.service.RoleManagementServiceTest" time="0.005" tests="6" errors="0" skipped="0" failures="0">
  <properties>
[...]
</properties>
  <testcase name="testRemoveRole_ExistingRole" classname="com.plutus.mvp.service.RoleManagementServiceTest" time="0.001">
    <system-out><![CDATA[2025-06-24 20:40:55.933 [main] INFO  c.p.m.service.RoleManagementService - Role ADMIN removed from user 1
2025-06-24 20:40:55.933 [main] INFO  c.p.m.service.RoleManagementService - Role ADMIN removed from user 1
]]></system-out>
  </testcase>
  <testcase name="testAssignRole_NewRole" classname="com.plutus.mvp.service.RoleManagementServiceTest" time="0.001">
    <system-out><![CDATA[2025-06-24 20:40:55.934 [main] INFO  c.p.m.service.RoleManagementService - Role ADMIN assigned to user 1
2025-06-24 20:40:55.934 [main] INFO  c.p.m.service.RoleManagementService - Role ADMIN assigned to user 1
]]></system-out>
  </testcase>
  <testcase name="testCheckUserRole" classname="com.plutus.mvp.service.RoleManagementServiceTest" time="0.001"/>
  <testcase name="testRemoveRole_LastRole" classname="com.plutus.mvp.service.RoleManagementServiceTest" time="0.0">
    <system-out><![CDATA[2025-06-24 20:40:55.935 [main] WARN  c.p.m.service.RoleManagementService - Cannot remove last role (USER) from user 1
2025-06-24 20:40:55.935 [main] WARN  c.p.m.service.RoleManagementService - Cannot remove last role (USER) from user 1
]]></system-out>
  </testcase>
  <testcase name="testAssignRole_DuplicateRole" classname="com.plutus.mvp.service.RoleManagementServiceTest" time="0.0">
    <system-out><![CDATA[2025-06-24 20:40:55.936 [main] INFO  c.p.m.service.RoleManagementService - Role ADMIN already exists for user 1
2025-06-24 20:40:55.936 [main] INFO  c.p.m.service.RoleManagementService - Role ADMIN already exists for user 1
]]></system-out>
  </testcase>
  <testcase name="testGetUserRoles" classname="com.plutus.mvp.service.RoleManagementServiceTest" time="0.001"/>
</testsuite>